<?xml version="1.0" encoding="UTF-8"?>
<!-- Generated by org.testng.reporters.JUnitReportReporter -->
<testsuite hostname="LAPTOP-AG5AQ5SQ" failures="0" tests="1" name="pac.CreateOrganizationTest" time="10.401" errors="0" timestamp="2024-09-16T16:45:30 IST" skipped="0">
  <testcase classname="pac.CreateOrganizationTest" name="createOrganizationTest" time="10.401"/>
  <system-out/>
</testsuite> <!-- pac.CreateOrganizationTest -->
