<?xml version="1.0" encoding="UTF-8"?>
<!-- Generated by org.testng.reporters.JUnitReportReporter -->
<testsuite hostname="LAPTOP-AG5AQ5SQ" failures="0" tests="1" name="pac.CreateCampaignTest" time="9.984" errors="0" timestamp="2024-09-16T18:36:26 IST" skipped="0">
  <testcase classname="pac.CreateCampaignTest" name="createCampaignTest" time="9.984"/>
  <system-out/>
</testsuite> <!-- pac.CreateCampaignTest -->
