<?xml version="1.0" encoding="UTF-8"?>
<!-- Generated by org.testng.reporters.JUnitReportReporter -->
<testsuite hostname="LAPTOP-AG5AQ5SQ" failures="0" tests="1" name="pac.CreateCampaignTest" time="12.042" errors="0" timestamp="2024-09-16T15:16:46 IST" skipped="0">
  <testcase classname="pac.CreateCampaignTest" name="createCampaignTest" time="12.042"/>
  <system-out/>
</testsuite> <!-- pac.CreateCampaignTest -->
